app/build/intermediates/manifest_merge_blame_file/debug/manifest-merger-blame-debug-report.txt
1<?xml version="1.0" encoding="utf-8"?>
2<manifest xmlns:android="http://schemas.android.com/apk/res/android"
3    package="com.example.project101"
4    android:versionCode="1"
5    android:versionName="1.0" >
6
7    <uses-sdk
8        android:minSdkVersion="23"
8-->src/main/AndroidManifest.xml
9        android:targetSdkVersion="31" />
9-->src/main/AndroidManifest.xml
10
11    <application
11-->src/main/AndroidManifest.xml:6:5-46:19
12        android:allowBackup="true"
12-->src/main/AndroidManifest.xml:7:9-35
13        android:appComponentFactory="androidx.core.app.CoreComponentFactory"
13-->[androidx.core:core:1.7.0] AndroidManifest.xml:24:18-86
14        android:debuggable="true"
15        android:extractNativeLibs="false"
16        android:icon="@drawable/ic_launcher_foreground"
16-->src/main/AndroidManifest.xml:8:9-56
17        android:label="@string/app_name"
17-->src/main/AndroidManifest.xml:9:9-41
18        android:roundIcon="@drawable/ic_launcher_foreground"
18-->src/main/AndroidManifest.xml:10:9-61
19        android:supportsRtl="true"
19-->src/main/AndroidManifest.xml:11:9-35
20        android:testOnly="true"
21        android:theme="@style/Theme.Project101" >
21-->src/main/AndroidManifest.xml:12:9-48
22        <activity
22-->src/main/AndroidManifest.xml:15:9-17:40
23            android:name="com.example.project101.ForgetPassword2"
23-->src/main/AndroidManifest.xml:16:13-44
24            android:exported="false" />
24-->src/main/AndroidManifest.xml:17:13-37
25        <activity
25-->src/main/AndroidManifest.xml:19:9-21:40
26            android:name="com.example.project101.ForgetPassword"
26-->src/main/AndroidManifest.xml:20:13-43
27            android:exported="false" />
27-->src/main/AndroidManifest.xml:21:13-37
28        <activity
28-->src/main/AndroidManifest.xml:23:9-25:40
29            android:name="com.example.project101.SignUp"
29-->src/main/AndroidManifest.xml:24:13-35
30            android:exported="false" />
30-->src/main/AndroidManifest.xml:25:13-37
31        <activity
31-->src/main/AndroidManifest.xml:27:9-29:40
32            android:name="com.example.project101.HomeScreen"
32-->src/main/AndroidManifest.xml:28:13-39
33            android:exported="false" />
33-->src/main/AndroidManifest.xml:29:13-37
34        <activity
34-->src/main/AndroidManifest.xml:31:9-34:58
35            android:name="com.example.project101.LoginPage"
35-->src/main/AndroidManifest.xml:32:13-38
36            android:exported="false"
36-->src/main/AndroidManifest.xml:33:13-37
37            android:windowSoftInputMode="adjustResize" />
37-->src/main/AndroidManifest.xml:34:13-55
38        <activity
38-->src/main/AndroidManifest.xml:36:9-45:20
39            android:name="com.example.project101.MainActivity"
39-->src/main/AndroidManifest.xml:37:13-41
40            android:exported="true" >
40-->src/main/AndroidManifest.xml:38:13-36
41            <intent-filter>
41-->src/main/AndroidManifest.xml:40:13-44:29
42                <action android:name="android.intent.action.MAIN" />
42-->src/main/AndroidManifest.xml:41:17-69
42-->src/main/AndroidManifest.xml:41:25-66
43
44                <category android:name="android.intent.category.LAUNCHER" />
44-->src/main/AndroidManifest.xml:43:17-77
44-->src/main/AndroidManifest.xml:43:27-74
45            </intent-filter>
46        </activity>
47
48        <provider
48-->[androidx.emoji2:emoji2:1.0.0] AndroidManifest.xml:26:9-34:20
49            android:name="androidx.startup.InitializationProvider"
49-->[androidx.emoji2:emoji2:1.0.0] AndroidManifest.xml:27:13-67
50            android:authorities="com.example.project101.androidx-startup"
50-->[androidx.emoji2:emoji2:1.0.0] AndroidManifest.xml:28:13-68
51            android:exported="false" >
51-->[androidx.emoji2:emoji2:1.0.0] AndroidManifest.xml:29:13-37
52            <meta-data
52-->[androidx.emoji2:emoji2:1.0.0] AndroidManifest.xml:31:13-33:52
53                android:name="androidx.emoji2.text.EmojiCompatInitializer"
53-->[androidx.emoji2:emoji2:1.0.0] AndroidManifest.xml:32:17-75
54                android:value="androidx.startup" />
54-->[androidx.emoji2:emoji2:1.0.0] AndroidManifest.xml:33:17-49
55            <meta-data
55-->[androidx.lifecycle:lifecycle-process:2.4.0] AndroidManifest.xml:31:13-33:52
56                android:name="androidx.lifecycle.ProcessLifecycleInitializer"
56-->[androidx.lifecycle:lifecycle-process:2.4.0] AndroidManifest.xml:32:17-78
57                android:value="androidx.startup" />
57-->[androidx.lifecycle:lifecycle-process:2.4.0] AndroidManifest.xml:33:17-49
58        </provider>
59    </application>
60
61</manifest>